[2018-02-16 16:42:27] local.ERROR: Route [/home] not defined. (View: /home/info.web/aws2-12/dev/ProyectoXat/proyectoXat/resources/views/welcome.blade.php) {"userId":1,"email":"marc98_sjd@hotmail.es","exception":"[object] (ErrorException(code: 0): Route [/home] not defined. (View: /home/info.web/aws2-12/dev/ProyectoXat/proyectoXat/resources/views/welcome.blade.php) at /home/info.web/aws2-12/dev/ProyectoXat/proyectoXat/vendor/laravel/framework/src/Illuminate/Routing/UrlGenerator.php:305, InvalidArgumentException(code: 0): Route [/home] not defined. at /home/info.web/aws2-12/dev/ProyectoXat/proyectoXat/vendor/laravel/framework/src/Illuminate/Routing/UrlGenerator.php:305)
[stacktrace]
#0 /home/info.web/aws2-12/dev/ProyectoXat/proyectoXat/vendor/laravel/framework/src/Illuminate/View/Engines/PhpEngine.php(45): Illuminate\\View\\Engines\\CompilerEngine->handleViewException(Object(InvalidArgumentException), 1)
#1 /home/info.web/aws2-12/dev/ProyectoXat/proyectoXat/vendor/laravel/framework/src/Illuminate/View/Engines/CompilerEngine.php(59): Illuminate\\View\\Engines\\PhpEngine->evaluatePath('/home/info.web/...', Array)
#2 /home/info.web/aws2-12/dev/ProyectoXat/proyectoXat/vendor/laravel/framework/src/Illuminate/View/View.php(137): Illuminate\\View\\Engines\\CompilerEngine->get('/home/info.web/...', Array)
#3 /home/info.web/aws2-12/dev/ProyectoXat/proyectoXat/vendor/laravel/framework/src/Illuminate/View/View.php(120): Illuminate\\View\\View->getContents()
#4 /home/info.web/aws2-12/dev/ProyectoXat/proyectoXat/vendor/laravel/framework/src/Illuminate/View/View.php(85): Illuminate\\View\\View->renderContents()
#5 /home/info.web/aws2-12/dev/ProyectoXat/proyectoXat/vendor/laravel/framework/src/Illuminate/Http/Response.php(42): Illuminate\\View\\View->render()
#6 /home/info.web/aws2-12/dev/ProyectoXat/proyectoXat/vendor/symfony/http-foundation/Response.php(200): Illuminate\\Http\\Response->setContent(Object(Illuminate\\View\\View))
#7 /home/info.web/aws2-12/dev/ProyectoXat/proyectoXat/vendor/laravel/framework/src/Illuminate/Routing/Router.php(724): Symfony\\Component\\HttpFoundation\\Response->__construct(Object(Illuminate\\View\\View))
#8 /home/info.web/aws2-12/dev/ProyectoXat/proyectoXat/vendor/laravel/framework/src/Illuminate/Routing/Router.php(698): Illuminate\\Routing\\Router::toResponse(Object(Illuminate\\Http\\Request), Object(Illuminate\\View\\View))
#9 /home/info.web/aws2-12/dev/ProyectoXat/proyectoXat/vendor/laravel/framework/src/Illuminate/Routing/Router.php(658): Illuminate\\Routing\\Router->prepareResponse(Object(Illuminate\\Http\\Request), Object(Illuminate\\View\\View))
#10 /home/info.web/aws2-12/dev/ProyectoXat/proyectoXat/vendor/laravel/framework/src/Illuminate/Routing/Pipeline.php(30): Illuminate\\Routing\\Router->Illuminate\\Routing\\{closure}(Object(Illuminate\\Http\\Request))
#11 /home/info.web/aws2-12/dev/ProyectoXat/proyectoXat/vendor/laravel/framework/src/Illuminate/Routing/Middleware/SubstituteBindings.php(41): Illuminate\\Routing\\Pipeline->Illuminate\\Routing\\{closure}(Object(Illuminate\\Http\\Request))
#12 /home/info.web/aws2-12/dev/ProyectoXat/proyectoXat/vendor/laravel/framework/src/Illuminate/Pipeline/Pipeline.php(149): Illuminate\\Routing\\Middleware\\SubstituteBindings->handle(Object(Illuminate\\Http\\Request), Object(Closure))
#13 /home/info.web/aws2-12/dev/ProyectoXat/proyectoXat/vendor/laravel/framework/src/Illuminate/Routing/Pipeline.php(53): Illuminate\\Pipeline\\Pipeline->Illuminate\\Pipeline\\{closure}(Object(Illuminate\\Http\\Request))
#14 /home/info.web/aws2-12/dev/ProyectoXat/proyectoXat/vendor/laravel/framework/src/Illuminate/Foundation/Http/Middleware/VerifyCsrfToken.php(67): Illuminate\\Routing\\Pipeline->Illuminate\\Routing\\{closure}(Object(Illuminate\\Http\\Request))
#15 /home/info.web/aws2-12/dev/ProyectoXat/proyectoXat/vendor/laravel/framework/src/Illuminate/Pipeline/Pipeline.php(149): Illuminate\\Foundation\\Http\\Middleware\\VerifyCsrfToken->handle(Object(Illuminate\\Http\\Request), Object(Closure))
#16 /home/info.web/aws2-12/dev/ProyectoXat/proyectoXat/vendor/laravel/framework/src/Illuminate/Routing/Pipeline.php(53): Illuminate\\Pipeline\\Pipeline->Illuminate\\Pipeline\\{closure}(Object(Illuminate\\Http\\Request))
#17 /home/info.web/aws2-12/dev/ProyectoXat/proyectoXat/vendor/laravel/framework/src/Illuminate/View/Middleware/ShareErrorsFromSession.php(49): Illuminate\\Routing\\Pipeline->Illuminate\\Routing\\{closure}(Object(Illuminate\\Http\\Request))
#18 /home/info.web/aws2-12/dev/ProyectoXat/proyectoXat/vendor/laravel/framework/src/Illuminate/Pipeline/Pipeline.php(149): Illuminate\\View\\Middleware\\ShareErrorsFromSession->handle(Object(Illuminate\\Http\\Request), Object(Closure))
#19 /home/info.web/aws2-12/dev/ProyectoXat/proyectoXat/vendor/laravel/framework/src/Illuminate/Routing/Pipeline.php(53): Illuminate\\Pipeline\\Pipeline->Illuminate\\Pipeline\\{closure}(Object(Illuminate\\Http\\Request))
#20 /home/info.web/aws2-12/dev/ProyectoXat/proyectoXat/vendor/laravel/framework/src/Illuminate/Session/Middleware/StartSession.php(63): Illuminate\\Routing\\Pipeline->Illuminate\\Routing\\{closure}(Object(Illuminate\\Http\\Request))
#21 /home/info.web/aws2-12/dev/ProyectoXat/proyectoXat/vendor/laravel/framework/src/Illuminate/Pipeline/Pipeline.php(149): Illuminate\\Session\\Middleware\\StartSession->handle(Object(Illuminate\\Http\\Request), Object(Closure))
#22 /home/info.web/aws2-12/dev/ProyectoXat/proyectoXat/vendor/laravel/framework/src/Illuminate/Routing/Pipeline.php(53): Illuminate\\Pipeline\\Pipeline->Illuminate\\Pipeline\\{closure}(Object(Illuminate\\Http\\Request))
#23 /home/info.web/aws2-12/dev/ProyectoXat/proyectoXat/vendor/laravel/framework/src/Illuminate/Cookie/Middleware/AddQueuedCookiesToResponse.php(37): Illuminate\\Routing\\Pipeline->Illuminate\\Routing\\{closure}(Object(Illuminate\\Http\\Request))
#24 /home/info.web/aws2-12/dev/ProyectoXat/proyectoXat/vendor/laravel/framework/src/Illuminate/Pipeline/Pipeline.php(149): Illuminate\\Cookie\\Middleware\\AddQueuedCookiesToResponse->handle(Object(Illuminate\\Http\\Request), Object(Closure))
#25 /home/info.web/aws2-12/dev/ProyectoXat/proyectoXat/vendor/laravel/framework/src/Illuminate/Routing/Pipeline.php(53): Illuminate\\Pipeline\\Pipeline->Illuminate\\Pipeline\\{closure}(Object(Illuminate\\Http\\Request))
#26 /home/info.web/aws2-12/dev/ProyectoXat/proyectoXat/vendor/laravel/framework/src/Illuminate/Cookie/Middleware/EncryptCookies.php(59): Illuminate\\Routing\\Pipeline->Illuminate\\Routing\\{closure}(Object(Illuminate\\Http\\Request))
#27 /home/info.web/aws2-12/dev/ProyectoXat/proyectoXat/vendor/laravel/framework/src/Illuminate/Pipeline/Pipeline.php(149): Illuminate\\Cookie\\Middleware\\EncryptCookies->handle(Object(Illuminate\\Http\\Request), Object(Closure))
#28 /home/info.web/aws2-12/dev/ProyectoXat/proyectoXat/vendor/laravel/framework/src/Illuminate/Routing/Pipeline.php(53): Illuminate\\Pipeline\\Pipeline->Illuminate\\Pipeline\\{closure}(Object(Illuminate\\Http\\Request))
#29 /home/info.web/aws2-12/dev/ProyectoXat/proyectoXat/vendor/laravel/framework/src/Illuminate/Pipeline/Pipeline.php(102): Illuminate\\Routing\\Pipeline->Illuminate\\Routing\\{closure}(Object(Illuminate\\Http\\Request))
#30 /home/info.web/aws2-12/dev/ProyectoXat/proyectoXat/vendor/laravel/framework/src/Illuminate/Routing/Router.php(660): Illuminate\\Pipeline\\Pipeline->then(Object(Closure))
#31 /home/info.web/aws2-12/dev/ProyectoXat/proyectoXat/vendor/laravel/framework/src/Illuminate/Routing/Router.php(635): Illuminate\\Routing\\Router->runRouteWithinStack(Object(Illuminate\\Routing\\Route), Object(Illuminate\\Http\\Request))
#32 /home/info.web/aws2-12/dev/ProyectoXat/proyectoXat/vendor/laravel/framework/src/Illuminate/Routing/Router.php(601): Illuminate\\Routing\\Router->runRoute(Object(Illuminate\\Http\\Request), Object(Illuminate\\Routing\\Route))
#33 /home/info.web/aws2-12/dev/ProyectoXat/proyectoXat/vendor/laravel/framework/src/Illuminate/Routing/Router.php(590): Illuminate\\Routing\\Router->dispatchToRoute(Object(Illuminate\\Http\\Request))
#34 /home/info.web/aws2-12/dev/ProyectoXat/proyectoXat/vendor/laravel/framework/src/Illuminate/Foundation/Http/Kernel.php(176): Illuminate\\Routing\\Router->dispatch(Object(Illuminate\\Http\\Request))
#35 /home/info.web/aws2-12/dev/ProyectoXat/proyectoXat/vendor/laravel/framework/src/Illuminate/Routing/Pipeline.php(30): Illuminate\\Foundation\\Http\\Kernel->Illuminate\\Foundation\\Http\\{closure}(Object(Illuminate\\Http\\Request))
#36 /home/info.web/aws2-12/dev/ProyectoXat/proyectoXat/vendor/fideloper/proxy/src/TrustProxies.php(56): Illuminate\\Routing\\Pipeline->Illuminate\\Routing\\{closure}(Object(Illuminate\\Http\\Request))
#37 /home/info.web/aws2-12/dev/ProyectoXat/proyectoXat/vendor/laravel/framework/src/Illuminate/Pipeline/Pipeline.php(149): Fideloper\\Proxy\\TrustProxies->handle(Object(Illuminate\\Http\\Request), Object(Closure))
#38 /home/info.web/aws2-12/dev/ProyectoXat/proyectoXat/vendor/laravel/framework/src/Illuminate/Routing/Pipeline.php(53): Illuminate\\Pipeline\\Pipeline->Illuminate\\Pipeline\\{closure}(Object(Illuminate\\Http\\Request))
#39 /home/info.web/aws2-12/dev/ProyectoXat/proyectoXat/vendor/laravel/framework/src/Illuminate/Foundation/Http/Middleware/TransformsRequest.php(30): Illuminate\\Routing\\Pipeline->Illuminate\\Routing\\{closure}(Object(Illuminate\\Http\\Request))
#40 /home/info.web/aws2-12/dev/ProyectoXat/proyectoXat/vendor/laravel/framework/src/Illuminate/Pipeline/Pipeline.php(149): Illuminate\\Foundation\\Http\\Middleware\\TransformsRequest->handle(Object(Illuminate\\Http\\Request), Object(Closure))
#41 /home/info.web/aws2-12/dev/ProyectoXat/proyectoXat/vendor/laravel/framework/src/Illuminate/Routing/Pipeline.php(53): Illuminate\\Pipeline\\Pipeline->Illuminate\\Pipeline\\{closure}(Object(Illuminate\\Http\\Request))
#42 /home/info.web/aws2-12/dev/ProyectoXat/proyectoXat/vendor/laravel/framework/src/Illuminate/Foundation/Http/Middleware/TransformsRequest.php(30): Illuminate\\Routing\\Pipeline->Illuminate\\Routing\\{closure}(Object(Illuminate\\Http\\Request))
#43 /home/info.web/aws2-12/dev/ProyectoXat/proyectoXat/vendor/laravel/framework/src/Illuminate/Pipeline/Pipeline.php(149): Illuminate\\Foundation\\Http\\Middleware\\TransformsRequest->handle(Object(Illuminate\\Http\\Request), Object(Closure))
#44 /home/info.web/aws2-12/dev/ProyectoXat/proyectoXat/vendor/laravel/framework/src/Illuminate/Routing/Pipeline.php(53): Illuminate\\Pipeline\\Pipeline->Illuminate\\Pipeline\\{closure}(Object(Illuminate\\Http\\Request))
#45 /home/info.web/aws2-12/dev/ProyectoXat/proyectoXat/vendor/laravel/framework/src/Illuminate/Foundation/Http/Middleware/ValidatePostSize.php(27): Illuminate\\Routing\\Pipeline->Illuminate\\Routing\\{closure}(Object(Illuminate\\Http\\Request))
#46 /home/info.web/aws2-12/dev/ProyectoXat/proyectoXat/vendor/laravel/framework/src/Illuminate/Pipeline/Pipeline.php(149): Illuminate\\Foundation\\Http\\Middleware\\ValidatePostSize->handle(Object(Illuminate\\Http\\Request), Object(Closure))
#47 /home/info.web/aws2-12/dev/ProyectoXat/proyectoXat/vendor/laravel/framework/src/Illuminate/Routing/Pipeline.php(53): Illuminate\\Pipeline\\Pipeline->Illuminate\\Pipeline\\{closure}(Object(Illuminate\\Http\\Request))
#48 /home/info.web/aws2-12/dev/ProyectoXat/proyectoXat/vendor/laravel/framework/src/Illuminate/Foundation/Http/Middleware/CheckForMaintenanceMode.php(46): Illuminate\\Routing\\Pipeline->Illuminate\\Routing\\{closure}(Object(Illuminate\\Http\\Request))
#49 /home/info.web/aws2-12/dev/ProyectoXat/proyectoXat/vendor/laravel/framework/src/Illuminate/Pipeline/Pipeline.php(149): Illuminate\\Foundation\\Http\\Middleware\\CheckForMaintenanceMode->handle(Object(Illuminate\\Http\\Request), Object(Closure))
#50 /home/info.web/aws2-12/dev/ProyectoXat/proyectoXat/vendor/laravel/framework/src/Illuminate/Routing/Pipeline.php(53): Illuminate\\Pipeline\\Pipeline->Illuminate\\Pipeline\\{closure}(Object(Illuminate\\Http\\Request))
#51 /home/info.web/aws2-12/dev/ProyectoXat/proyectoXat/vendor/laravel/framework/src/Illuminate/Pipeline/Pipeline.php(102): Illuminate\\Routing\\Pipeline->Illuminate\\Routing\\{closure}(Object(Illuminate\\Http\\Request))
#52 /home/info.web/aws2-12/dev/ProyectoXat/proyectoXat/vendor/laravel/framework/src/Illuminate/Foundation/Http/Kernel.php(151): Illuminate\\Pipeline\\Pipeline->then(Object(Closure))
#53 /home/info.web/aws2-12/dev/ProyectoXat/proyectoXat/vendor/laravel/framework/src/Illuminate/Foundation/Http/Kernel.php(116): Illuminate\\Foundation\\Http\\Kernel->sendRequestThroughRouter(Object(Illuminate\\Http\\Request))
#54 /home/info.web/aws2-12/dev/ProyectoXat/proyectoXat/public/index.php(55): Illuminate\\Foundation\\Http\\Kernel->handle(Object(Illuminate\\Http\\Request))
#55 /home/info.web/aws2-12/dev/ProyectoXat/proyectoXat/server.php(21): require_once('/home/info.web/...')
#56 {main}
"} 
[2018-02-16 16:44:02] local.ERROR: SQLSTATE[42S22]: Column not found: 1054 Unknown column 'ubicacion' in 'field list' (SQL: insert into `denuncias` (`titulo`, `descripcion`, `id_usuario`, `ubicacion`, `imagen`, `updated_at`, `created_at`) values (La calle está sucia., La calle del colegio IES Esteve Terradas i Illa está más sucia que el culo de un bebé., 1, N/A, img/2e5c3eb2058c517e94ae8970e6836f01.jpg, 2018-02-16 16:44:02, 2018-02-16 16:44:02)) {"userId":1,"email":"marc98_sjd@hotmail.es","exception":"[object] (Illuminate\\Database\\QueryException(code: 42S22): SQLSTATE[42S22]: Column not found: 1054 Unknown column 'ubicacion' in 'field list' (SQL: insert into `denuncias` (`titulo`, `descripcion`, `id_usuario`, `ubicacion`, `imagen`, `updated_at`, `created_at`) values (La calle está sucia., La calle del colegio IES Esteve Terradas i Illa está más sucia que el culo de un bebé., 1, N/A, img/2e5c3eb2058c517e94ae8970e6836f01.jpg, 2018-02-16 16:44:02, 2018-02-16 16:44:02)) at /home/info.web/aws2-12/dev/ProyectoXat/proyectoXat/vendor/laravel/framework/src/Illuminate/Database/Connection.php:664, PDOException(code: 42S22): SQLSTATE[42S22]: Column not found: 1054 Unknown column 'ubicacion' in 'field list' at /home/info.web/aws2-12/dev/ProyectoXat/proyectoXat/vendor/laravel/framework/src/Illuminate/Database/Connection.php:452)
[stacktrace]
#0 /home/info.web/aws2-12/dev/ProyectoXat/proyectoXat/vendor/laravel/framework/src/Illuminate/Database/Connection.php(624): Illuminate\\Database\\Connection->runQueryCallback('insert into `de...', Array, Object(Closure))
#1 /home/info.web/aws2-12/dev/ProyectoXat/proyectoXat/vendor/laravel/framework/src/Illuminate/Database/Connection.php(459): Illuminate\\Database\\Connection->run('insert into `de...', Array, Object(Closure))
#2 /home/info.web/aws2-12/dev/ProyectoXat/proyectoXat/vendor/laravel/framework/src/Illuminate/Database/Connection.php(411): Illuminate\\Database\\Connection->statement('insert into `de...', Array)
#3 /home/info.web/aws2-12/dev/ProyectoXat/proyectoXat/vendor/laravel/framework/src/Illuminate/Database/Query/Processors/Processor.php(32): Illuminate\\Database\\Connection->insert('insert into `de...', Array)
#4 /home/info.web/aws2-12/dev/ProyectoXat/proyectoXat/vendor/laravel/framework/src/Illuminate/Database/Query/Builder.php(2147): Illuminate\\Database\\Query\\Processors\\Processor->processInsertGetId(Object(Illuminate\\Database\\Query\\Builder), 'insert into `de...', Array, 'id')
#5 /home/info.web/aws2-12/dev/ProyectoXat/proyectoXat/vendor/laravel/framework/src/Illuminate/Database/Eloquent/Builder.php(1281): Illuminate\\Database\\Query\\Builder->insertGetId(Array, 'id')
#6 /home/info.web/aws2-12/dev/ProyectoXat/proyectoXat/vendor/laravel/framework/src/Illuminate/Database/Eloquent/Model.php(722): Illuminate\\Database\\Eloquent\\Builder->__call('insertGetId', Array)
#7 /home/info.web/aws2-12/dev/ProyectoXat/proyectoXat/vendor/laravel/framework/src/Illuminate/Database/Eloquent/Model.php(687): Illuminate\\Database\\Eloquent\\Model->insertAndSetId(Object(Illuminate\\Database\\Eloquent\\Builder), Array)
#8 /home/info.web/aws2-12/dev/ProyectoXat/proyectoXat/vendor/laravel/framework/src/Illuminate/Database/Eloquent/Model.php(550): Illuminate\\Database\\Eloquent\\Model->performInsert(Object(Illuminate\\Database\\Eloquent\\Builder))
#9 /home/info.web/aws2-12/dev/ProyectoXat/proyectoXat/app/Http/Controllers/proyectoXatController.php(55): Illuminate\\Database\\Eloquent\\Model->save()
#10 [internal function]: App\\Http\\Controllers\\proyectoXatController->store(Object(Illuminate\\Http\\Request))
#11 /home/info.web/aws2-12/dev/ProyectoXat/proyectoXat/vendor/laravel/framework/src/Illuminate/Routing/Controller.php(54): call_user_func_array(Array, Array)
#12 /home/info.web/aws2-12/dev/ProyectoXat/proyectoXat/vendor/laravel/framework/src/Illuminate/Routing/ControllerDispatcher.php(45): Illuminate\\Routing\\Controller->callAction('store', Array)
#13 /home/info.web/aws2-12/dev/ProyectoXat/proyectoXat/vendor/laravel/framework/src/Illuminate/Routing/Route.php(212): Illuminate\\Routing\\ControllerDispatcher->dispatch(Object(Illuminate\\Routing\\Route), Object(App\\Http\\Controllers\\proyectoXatController), 'store')
#14 /home/info.web/aws2-12/dev/ProyectoXat/proyectoXat/vendor/laravel/framework/src/Illuminate/Routing/Route.php(169): Illuminate\\Routing\\Route->runController()
#15 /home/info.web/aws2-12/dev/ProyectoXat/proyectoXat/vendor/laravel/framework/src/Illuminate/Routing/Router.php(658): Illuminate\\Routing\\Route->run()
#16 /home/info.web/aws2-12/dev/ProyectoXat/proyectoXat/vendor/laravel/framework/src/Illuminate/Routing/Pipeline.php(30): Illuminate\\Routing\\Router->Illuminate\\Routing\\{closure}(Object(Illuminate\\Http\\Request))
#17 /home/info.web/aws2-12/dev/ProyectoXat/proyectoXat/vendor/laravel/framework/src/Illuminate/Routing/Middleware/SubstituteBindings.php(41): Illuminate\\Routing\\Pipeline->Illuminate\\Routing\\{closure}(Object(Illuminate\\Http\\Request))
#18 /home/info.web/aws2-12/dev/ProyectoXat/proyectoXat/vendor/laravel/framework/src/Illuminate/Pipeline/Pipeline.php(149): Illuminate\\Routing\\Middleware\\SubstituteBindings->handle(Object(Illuminate\\Http\\Request), Object(Closure))
#19 /home/info.web/aws2-12/dev/ProyectoXat/proyectoXat/vendor/laravel/framework/src/Illuminate/Routing/Pipeline.php(53): Illuminate\\Pipeline\\Pipeline->Illuminate\\Pipeline\\{closure}(Object(Illuminate\\Http\\Request))
#20 /home/info.web/aws2-12/dev/ProyectoXat/proyectoXat/vendor/laravel/framework/src/Illuminate/Foundation/Http/Middleware/VerifyCsrfToken.php(67): Illuminate\\Routing\\Pipeline->Illuminate\\Routing\\{closure}(Object(Illuminate\\Http\\Request))
#21 /home/info.web/aws2-12/dev/ProyectoXat/proyectoXat/vendor/laravel/framework/src/Illuminate/Pipeline/Pipeline.php(149): Illuminate\\Foundation\\Http\\Middleware\\VerifyCsrfToken->handle(Object(Illuminate\\Http\\Request), Object(Closure))
#22 /home/info.web/aws2-12/dev/ProyectoXat/proyectoXat/vendor/laravel/framework/src/Illuminate/Routing/Pipeline.php(53): Illuminate\\Pipeline\\Pipeline->Illuminate\\Pipeline\\{closure}(Object(Illuminate\\Http\\Request))
#23 /home/info.web/aws2-12/dev/ProyectoXat/proyectoXat/vendor/laravel/framework/src/Illuminate/View/Middleware/ShareErrorsFromSession.php(49): Illuminate\\Routing\\Pipeline->Illuminate\\Routing\\{closure}(Object(Illuminate\\Http\\Request))
#24 /home/info.web/aws2-12/dev/ProyectoXat/proyectoXat/vendor/laravel/framework/src/Illuminate/Pipeline/Pipeline.php(149): Illuminate\\View\\Middleware\\ShareErrorsFromSession->handle(Object(Illuminate\\Http\\Request), Object(Closure))
#25 /home/info.web/aws2-12/dev/ProyectoXat/proyectoXat/vendor/laravel/framework/src/Illuminate/Routing/Pipeline.php(53): Illuminate\\Pipeline\\Pipeline->Illuminate\\Pipeline\\{closure}(Object(Illuminate\\Http\\Request))
#26 /home/info.web/aws2-12/dev/ProyectoXat/proyectoXat/vendor/laravel/framework/src/Illuminate/Session/Middleware/StartSession.php(63): Illuminate\\Routing\\Pipeline->Illuminate\\Routing\\{closure}(Object(Illuminate\\Http\\Request))
#27 /home/info.web/aws2-12/dev/ProyectoXat/proyectoXat/vendor/laravel/framework/src/Illuminate/Pipeline/Pipeline.php(149): Illuminate\\Session\\Middleware\\StartSession->handle(Object(Illuminate\\Http\\Request), Object(Closure))
#28 /home/info.web/aws2-12/dev/ProyectoXat/proyectoXat/vendor/laravel/framework/src/Illuminate/Routing/Pipeline.php(53): Illuminate\\Pipeline\\Pipeline->Illuminate\\Pipeline\\{closure}(Object(Illuminate\\Http\\Request))
#29 /home/info.web/aws2-12/dev/ProyectoXat/proyectoXat/vendor/laravel/framework/src/Illuminate/Cookie/Middleware/AddQueuedCookiesToResponse.php(37): Illuminate\\Routing\\Pipeline->Illuminate\\Routing\\{closure}(Object(Illuminate\\Http\\Request))
#30 /home/info.web/aws2-12/dev/ProyectoXat/proyectoXat/vendor/laravel/framework/src/Illuminate/Pipeline/Pipeline.php(149): Illuminate\\Cookie\\Middleware\\AddQueuedCookiesToResponse->handle(Object(Illuminate\\Http\\Request), Object(Closure))
#31 /home/info.web/aws2-12/dev/ProyectoXat/proyectoXat/vendor/laravel/framework/src/Illuminate/Routing/Pipeline.php(53): Illuminate\\Pipeline\\Pipeline->Illuminate\\Pipeline\\{closure}(Object(Illuminate\\Http\\Request))
#32 /home/info.web/aws2-12/dev/ProyectoXat/proyectoXat/vendor/laravel/framework/src/Illuminate/Cookie/Middleware/EncryptCookies.php(59): Illuminate\\Routing\\Pipeline->Illuminate\\Routing\\{closure}(Object(Illuminate\\Http\\Request))
#33 /home/info.web/aws2-12/dev/ProyectoXat/proyectoXat/vendor/laravel/framework/src/Illuminate/Pipeline/Pipeline.php(149): Illuminate\\Cookie\\Middleware\\EncryptCookies->handle(Object(Illuminate\\Http\\Request), Object(Closure))
#34 /home/info.web/aws2-12/dev/ProyectoXat/proyectoXat/vendor/laravel/framework/src/Illuminate/Routing/Pipeline.php(53): Illuminate\\Pipeline\\Pipeline->Illuminate\\Pipeline\\{closure}(Object(Illuminate\\Http\\Request))
#35 /home/info.web/aws2-12/dev/ProyectoXat/proyectoXat/vendor/laravel/framework/src/Illuminate/Pipeline/Pipeline.php(102): Illuminate\\Routing\\Pipeline->Illuminate\\Routing\\{closure}(Object(Illuminate\\Http\\Request))
#36 /home/info.web/aws2-12/dev/ProyectoXat/proyectoXat/vendor/laravel/framework/src/Illuminate/Routing/Router.php(660): Illuminate\\Pipeline\\Pipeline->then(Object(Closure))
#37 /home/info.web/aws2-12/dev/ProyectoXat/proyectoXat/vendor/laravel/framework/src/Illuminate/Routing/Router.php(635): Illuminate\\Routing\\Router->runRouteWithinStack(Object(Illuminate\\Routing\\Route), Object(Illuminate\\Http\\Request))
#38 /home/info.web/aws2-12/dev/ProyectoXat/proyectoXat/vendor/laravel/framework/src/Illuminate/Routing/Router.php(601): Illuminate\\Routing\\Router->runRoute(Object(Illuminate\\Http\\Request), Object(Illuminate\\Routing\\Route))
#39 /home/info.web/aws2-12/dev/ProyectoXat/proyectoXat/vendor/laravel/framework/src/Illuminate/Routing/Router.php(590): Illuminate\\Routing\\Router->dispatchToRoute(Object(Illuminate\\Http\\Request))
#40 /home/info.web/aws2-12/dev/ProyectoXat/proyectoXat/vendor/laravel/framework/src/Illuminate/Foundation/Http/Kernel.php(176): Illuminate\\Routing\\Router->dispatch(Object(Illuminate\\Http\\Request))
#41 /home/info.web/aws2-12/dev/ProyectoXat/proyectoXat/vendor/laravel/framework/src/Illuminate/Routing/Pipeline.php(30): Illuminate\\Foundation\\Http\\Kernel->Illuminate\\Foundation\\Http\\{closure}(Object(Illuminate\\Http\\Request))
#42 /home/info.web/aws2-12/dev/ProyectoXat/proyectoXat/vendor/fideloper/proxy/src/TrustProxies.php(56): Illuminate\\Routing\\Pipeline->Illuminate\\Routing\\{closure}(Object(Illuminate\\Http\\Request))
#43 /home/info.web/aws2-12/dev/ProyectoXat/proyectoXat/vendor/laravel/framework/src/Illuminate/Pipeline/Pipeline.php(149): Fideloper\\Proxy\\TrustProxies->handle(Object(Illuminate\\Http\\Request), Object(Closure))
#44 /home/info.web/aws2-12/dev/ProyectoXat/proyectoXat/vendor/laravel/framework/src/Illuminate/Routing/Pipeline.php(53): Illuminate\\Pipeline\\Pipeline->Illuminate\\Pipeline\\{closure}(Object(Illuminate\\Http\\Request))
#45 /home/info.web/aws2-12/dev/ProyectoXat/proyectoXat/vendor/laravel/framework/src/Illuminate/Foundation/Http/Middleware/TransformsRequest.php(30): Illuminate\\Routing\\Pipeline->Illuminate\\Routing\\{closure}(Object(Illuminate\\Http\\Request))
#46 /home/info.web/aws2-12/dev/ProyectoXat/proyectoXat/vendor/laravel/framework/src/Illuminate/Pipeline/Pipeline.php(149): Illuminate\\Foundation\\Http\\Middleware\\TransformsRequest->handle(Object(Illuminate\\Http\\Request), Object(Closure))
#47 /home/info.web/aws2-12/dev/ProyectoXat/proyectoXat/vendor/laravel/framework/src/Illuminate/Routing/Pipeline.php(53): Illuminate\\Pipeline\\Pipeline->Illuminate\\Pipeline\\{closure}(Object(Illuminate\\Http\\Request))
#48 /home/info.web/aws2-12/dev/ProyectoXat/proyectoXat/vendor/laravel/framework/src/Illuminate/Foundation/Http/Middleware/TransformsRequest.php(30): Illuminate\\Routing\\Pipeline->Illuminate\\Routing\\{closure}(Object(Illuminate\\Http\\Request))
#49 /home/info.web/aws2-12/dev/ProyectoXat/proyectoXat/vendor/laravel/framework/src/Illuminate/Pipeline/Pipeline.php(149): Illuminate\\Foundation\\Http\\Middleware\\TransformsRequest->handle(Object(Illuminate\\Http\\Request), Object(Closure))
#50 /home/info.web/aws2-12/dev/ProyectoXat/proyectoXat/vendor/laravel/framework/src/Illuminate/Routing/Pipeline.php(53): Illuminate\\Pipeline\\Pipeline->Illuminate\\Pipeline\\{closure}(Object(Illuminate\\Http\\Request))
#51 /home/info.web/aws2-12/dev/ProyectoXat/proyectoXat/vendor/laravel/framework/src/Illuminate/Foundation/Http/Middleware/ValidatePostSize.php(27): Illuminate\\Routing\\Pipeline->Illuminate\\Routing\\{closure}(Object(Illuminate\\Http\\Request))
#52 /home/info.web/aws2-12/dev/ProyectoXat/proyectoXat/vendor/laravel/framework/src/Illuminate/Pipeline/Pipeline.php(149): Illuminate\\Foundation\\Http\\Middleware\\ValidatePostSize->handle(Object(Illuminate\\Http\\Request), Object(Closure))
#53 /home/info.web/aws2-12/dev/ProyectoXat/proyectoXat/vendor/laravel/framework/src/Illuminate/Routing/Pipeline.php(53): Illuminate\\Pipeline\\Pipeline->Illuminate\\Pipeline\\{closure}(Object(Illuminate\\Http\\Request))
#54 /home/info.web/aws2-12/dev/ProyectoXat/proyectoXat/vendor/laravel/framework/src/Illuminate/Foundation/Http/Middleware/CheckForMaintenanceMode.php(46): Illuminate\\Routing\\Pipeline->Illuminate\\Routing\\{closure}(Object(Illuminate\\Http\\Request))
#55 /home/info.web/aws2-12/dev/ProyectoXat/proyectoXat/vendor/laravel/framework/src/Illuminate/Pipeline/Pipeline.php(149): Illuminate\\Foundation\\Http\\Middleware\\CheckForMaintenanceMode->handle(Object(Illuminate\\Http\\Request), Object(Closure))
#56 /home/info.web/aws2-12/dev/ProyectoXat/proyectoXat/vendor/laravel/framework/src/Illuminate/Routing/Pipeline.php(53): Illuminate\\Pipeline\\Pipeline->Illuminate\\Pipeline\\{closure}(Object(Illuminate\\Http\\Request))
#57 /home/info.web/aws2-12/dev/ProyectoXat/proyectoXat/vendor/laravel/framework/src/Illuminate/Pipeline/Pipeline.php(102): Illuminate\\Routing\\Pipeline->Illuminate\\Routing\\{closure}(Object(Illuminate\\Http\\Request))
#58 /home/info.web/aws2-12/dev/ProyectoXat/proyectoXat/vendor/laravel/framework/src/Illuminate/Foundation/Http/Kernel.php(151): Illuminate\\Pipeline\\Pipeline->then(Object(Closure))
#59 /home/info.web/aws2-12/dev/ProyectoXat/proyectoXat/vendor/laravel/framework/src/Illuminate/Foundation/Http/Kernel.php(116): Illuminate\\Foundation\\Http\\Kernel->sendRequestThroughRouter(Object(Illuminate\\Http\\Request))
#60 /home/info.web/aws2-12/dev/ProyectoXat/proyectoXat/public/index.php(55): Illuminate\\Foundation\\Http\\Kernel->handle(Object(Illuminate\\Http\\Request))
#61 /home/info.web/aws2-12/dev/ProyectoXat/proyectoXat/server.php(21): require_once('/home/info.web/...')
#62 {main}
"} 
